<?xml version="1.0" encoding="UTF-8"?>
<testsuite name="SudokuTest" tests="10" skipped="0" failures="0" errors="0" timestamp="2021-04-04T15:23:41" hostname="DESKTOP-05G6SV1" time="0.077">
  <properties/>
  <testcase name="shouldNotBePossible()" classname="SudokuTest" time="0.026"/>
  <testcase name="shouldCheckIfNumberIsNotInSubgrid()" classname="SudokuTest" time="0.001"/>
  <testcase name="shouldCheckIfNumberIsInColumn()" classname="SudokuTest" time="0.003"/>
  <testcase name="shouldDisplayBoard()" classname="SudokuTest" time="0.014"/>
  <testcase name="shouldBePossible()" classname="SudokuTest" time="0.003"/>
  <testcase name="shouldCheckIfNumberIsInSubgrid()" classname="SudokuTest" time="0.003"/>
  <testcase name="shouldCheckIfNumberIsInRow()" classname="SudokuTest" time="0.003"/>
  <testcase name="shouldSolveProblem()" classname="SudokuTest" time="0.002"/>
  <testcase name="shouldCheckIfNumberIsNotInColumn()" classname="SudokuTest" time="0.001"/>
  <testcase name="shouldCheckIfNumberIsNotInRow()" classname="SudokuTest" time="0.002"/>
  <system-out><![CDATA[0 0 0 2 6 0 7 0 1 
6 8 0 0 7 0 0 9 0 
1 9 0 0 0 4 5 0 0 
8 2 0 1 0 0 0 4 0 
0 0 4 6 0 2 9 0 0 
0 5 0 0 0 3 0 2 8 
0 0 9 3 0 0 0 7 4 
0 4 0 0 5 0 0 3 6 
7 0 3 0 1 8 0 0 0 

0 0 0 2 6 0 7 0 1 
6 8 0 0 7 0 0 9 0 
1 9 0 0 0 4 5 0 0 
8 2 0 1 0 0 0 4 0 
0 0 4 6 0 2 9 0 0 
0 5 0 0 0 3 0 2 8 
0 0 9 3 0 0 0 7 4 
0 4 0 0 5 0 0 3 6 
7 0 3 0 1 8 0 0 0 

]]></system-out>
  <system-err><![CDATA[]]></system-err>
</testsuite>
